2017-04-21 13:54:00,879 [Worker-3] INFO  o.e.m.c.i.e.AbstractTransferListenerAdapter - Downloading https://repo.maven.apache.org/maven2/org/apache/maven/plugins/maven-war-plugin/2.4/maven-war-plugin-2.4.jar
2017-04-21 13:54:02,301 [Worker-3] INFO  o.e.m.c.i.e.AbstractTransferListenerAdapter - Downloaded https://repo.maven.apache.org/maven2/org/apache/maven/plugins/maven-war-plugin/2.4/maven-war-plugin-2.4.jar
2017-04-21 13:54:03,575 [Worker-3] INFO  o.e.m.c.i.l.LifecycleMappingFactory - Using org.maven.ide.eclipse.wtp.WarLifecycleMapping lifecycle mapping for MavenProject: com.song.example:JSF-Example:0.0.1-SNAPSHOT @ D:\Java Servlet 3 Exercises\project6-exercise\JSF-Example\pom.xml.
2017-04-21 13:54:04,854 [Worker-3] INFO  o.e.m.c.i.e.AbstractTransferListenerAdapter - Downloading https://repo.maven.apache.org/maven2/org/apache/tomcat/tomcat-servlet-api/7.0.55/tomcat-servlet-api-7.0.55.pom
2017-04-21 13:54:05,108 [Worker-3] INFO  o.e.m.c.i.e.AbstractTransferListenerAdapter - Downloaded https://repo.maven.apache.org/maven2/org/apache/tomcat/tomcat-servlet-api/7.0.55/tomcat-servlet-api-7.0.55.pom
2017-04-21 13:54:05,396 [Worker-3] INFO  o.e.m.c.i.e.AbstractTransferListenerAdapter - Downloading https://repo.maven.apache.org/maven2/com/sun/faces/jsf-api/2.1.7/jsf-api-2.1.7.pom
2017-04-21 13:54:05,748 [Worker-3] INFO  o.e.m.c.i.e.AbstractTransferListenerAdapter - Downloaded https://repo.maven.apache.org/maven2/com/sun/faces/jsf-api/2.1.7/jsf-api-2.1.7.pom
2017-04-21 13:54:06,003 [Worker-3] INFO  o.e.m.c.i.e.AbstractTransferListenerAdapter - Downloading https://repo.maven.apache.org/maven2/com/sun/faces/jsf-impl/2.1.7/jsf-impl-2.1.7.pom
2017-04-21 13:54:06,353 [Worker-3] INFO  o.e.m.c.i.e.AbstractTransferListenerAdapter - Downloaded https://repo.maven.apache.org/maven2/com/sun/faces/jsf-impl/2.1.7/jsf-impl-2.1.7.pom
2017-04-21 13:54:06,613 [Worker-3] INFO  o.e.m.c.i.e.AbstractTransferListenerAdapter - Downloading https://repo.maven.apache.org/maven2/org/apache/tomcat/tomcat-servlet-api/7.0.55/tomcat-servlet-api-7.0.55.jar
2017-04-21 13:54:08,088 [Worker-3] INFO  o.e.m.c.i.e.AbstractTransferListenerAdapter - Downloaded https://repo.maven.apache.org/maven2/org/apache/tomcat/tomcat-servlet-api/7.0.55/tomcat-servlet-api-7.0.55.jar
2017-04-21 13:54:08,348 [Worker-3] INFO  o.e.m.c.i.e.AbstractTransferListenerAdapter - Downloading https://repo.maven.apache.org/maven2/com/sun/faces/jsf-api/2.1.7/jsf-api-2.1.7.jar
2017-04-21 13:54:09,654 [Worker-3] INFO  o.e.m.c.i.e.AbstractTransferListenerAdapter - Downloaded https://repo.maven.apache.org/maven2/com/sun/faces/jsf-api/2.1.7/jsf-api-2.1.7.jar
2017-04-21 13:54:09,908 [Worker-3] INFO  o.e.m.c.i.e.AbstractTransferListenerAdapter - Downloading https://repo.maven.apache.org/maven2/com/sun/faces/jsf-impl/2.1.7/jsf-impl-2.1.7.jar
2017-04-21 13:54:14,446 [Worker-3] INFO  o.e.m.c.i.e.AbstractTransferListenerAdapter - Downloaded https://repo.maven.apache.org/maven2/com/sun/faces/jsf-impl/2.1.7/jsf-impl-2.1.7.jar
2017-04-21 13:54:16,358 [Worker-3] INFO  o.e.m.c.i.e.AbstractTransferListenerAdapter - Downloading https://repo.maven.apache.org/maven2/org/apache/maven/plugins/maven-war-plugin/2.4/maven-war-plugin-2.4.pom
2017-04-21 13:54:16,670 [Worker-3] INFO  o.e.m.c.i.e.AbstractTransferListenerAdapter - Downloaded https://repo.maven.apache.org/maven2/org/apache/maven/plugins/maven-war-plugin/2.4/maven-war-plugin-2.4.pom
2017-04-21 13:54:17,276 [Worker-3] INFO  o.e.m.c.i.e.AbstractTransferListenerAdapter - Downloading https://repo.maven.apache.org/maven2/org/codehaus/plexus/plexus-io/2.0.7/plexus-io-2.0.7.pom
2017-04-21 13:54:17,519 [Worker-3] INFO  o.e.m.c.i.e.AbstractTransferListenerAdapter - Downloaded https://repo.maven.apache.org/maven2/org/codehaus/plexus/plexus-io/2.0.7/plexus-io-2.0.7.pom
2017-04-21 13:54:17,773 [Worker-3] INFO  o.e.m.c.i.e.AbstractTransferListenerAdapter - Downloading https://repo.maven.apache.org/maven2/org/codehaus/plexus/plexus-utils/3.0.10/plexus-utils-3.0.10.pom
2017-04-21 13:54:18,030 [Worker-3] INFO  o.e.m.c.i.e.AbstractTransferListenerAdapter - Downloaded https://repo.maven.apache.org/maven2/org/codehaus/plexus/plexus-utils/3.0.10/plexus-utils-3.0.10.pom
2017-04-21 13:54:18,299 [Worker-3] INFO  o.e.m.c.i.e.AbstractTransferListenerAdapter - Downloading https://repo.maven.apache.org/maven2/org/codehaus/plexus/plexus-archiver/2.4.1/plexus-archiver-2.4.1.pom
2017-04-21 13:54:18,573 [Worker-3] INFO  o.e.m.c.i.e.AbstractTransferListenerAdapter - Downloaded https://repo.maven.apache.org/maven2/org/codehaus/plexus/plexus-archiver/2.4.1/plexus-archiver-2.4.1.pom
2017-04-21 13:54:18,833 [Worker-3] INFO  o.e.m.c.i.e.AbstractTransferListenerAdapter - Downloading https://repo.maven.apache.org/maven2/org/apache/commons/commons-compress/1.5/commons-compress-1.5.pom
2017-04-21 13:54:19,173 [Worker-3] INFO  o.e.m.c.i.e.AbstractTransferListenerAdapter - Downloaded https://repo.maven.apache.org/maven2/org/apache/commons/commons-compress/1.5/commons-compress-1.5.pom
2017-04-21 13:54:19,424 [Worker-3] INFO  o.e.m.c.i.e.AbstractTransferListenerAdapter - Downloading https://repo.maven.apache.org/maven2/org/apache/commons/commons-parent/28/commons-parent-28.pom
2017-04-21 13:54:20,932 [Worker-3] INFO  o.e.m.c.i.e.AbstractTransferListenerAdapter - Downloaded https://repo.maven.apache.org/maven2/org/apache/commons/commons-parent/28/commons-parent-28.pom
2017-04-21 13:54:21,192 [Worker-3] INFO  o.e.m.c.i.e.AbstractTransferListenerAdapter - Downloading https://repo.maven.apache.org/maven2/org/tukaani/xz/1.2/xz-1.2.pom
2017-04-21 13:54:21,440 [Worker-3] INFO  o.e.m.c.i.e.AbstractTransferListenerAdapter - Downloaded https://repo.maven.apache.org/maven2/org/tukaani/xz/1.2/xz-1.2.pom
2017-04-21 13:54:21,979 [Worker-3] INFO  o.e.m.c.i.e.AbstractTransferListenerAdapter - Downloading https://repo.maven.apache.org/maven2/com/thoughtworks/xstream/xstream/1.4.2/xstream-1.4.2.pom
2017-04-21 13:54:22,224 [Worker-3] INFO  o.e.m.c.i.e.AbstractTransferListenerAdapter - Downloaded https://repo.maven.apache.org/maven2/com/thoughtworks/xstream/xstream/1.4.2/xstream-1.4.2.pom
2017-04-21 13:54:22,471 [Worker-3] INFO  o.e.m.c.i.e.AbstractTransferListenerAdapter - Downloading https://repo.maven.apache.org/maven2/com/thoughtworks/xstream/xstream-parent/1.4.2/xstream-parent-1.4.2.pom
2017-04-21 13:54:23,498 [Worker-3] INFO  o.e.m.c.i.e.AbstractTransferListenerAdapter - Downloaded https://repo.maven.apache.org/maven2/com/thoughtworks/xstream/xstream-parent/1.4.2/xstream-parent-1.4.2.pom
2017-04-21 13:54:23,808 [Worker-3] INFO  o.e.m.c.i.e.AbstractTransferListenerAdapter - Downloading https://repo.maven.apache.org/maven2/xmlpull/xmlpull/1.1.3.1/xmlpull-1.1.3.1.pom
2017-04-21 13:54:24,069 [Worker-3] INFO  o.e.m.c.i.e.AbstractTransferListenerAdapter - Downloaded https://repo.maven.apache.org/maven2/xmlpull/xmlpull/1.1.3.1/xmlpull-1.1.3.1.pom
2017-04-21 13:54:24,314 [Worker-3] INFO  o.e.m.c.i.e.AbstractTransferListenerAdapter - Downloading https://repo.maven.apache.org/maven2/xpp3/xpp3_min/1.1.4c/xpp3_min-1.1.4c.pom
2017-04-21 13:54:24,560 [Worker-3] INFO  o.e.m.c.i.e.AbstractTransferListenerAdapter - Downloaded https://repo.maven.apache.org/maven2/xpp3/xpp3_min/1.1.4c/xpp3_min-1.1.4c.pom
2017-04-21 13:54:24,883 [Worker-3] INFO  o.e.m.c.i.e.AbstractTransferListenerAdapter - Downloading https://repo.maven.apache.org/maven2/org/codehaus/plexus/plexus-io/2.0.7/plexus-io-2.0.7.jar
2017-04-21 13:54:26,772 [Worker-3] INFO  o.e.m.c.i.e.AbstractTransferListenerAdapter - Downloaded https://repo.maven.apache.org/maven2/org/codehaus/plexus/plexus-io/2.0.7/plexus-io-2.0.7.jar
2017-04-21 13:54:27,007 [Worker-3] INFO  o.e.m.c.i.e.AbstractTransferListenerAdapter - Downloading https://repo.maven.apache.org/maven2/org/codehaus/plexus/plexus-archiver/2.4.1/plexus-archiver-2.4.1.jar
2017-04-21 13:54:31,487 [Worker-3] INFO  o.e.m.c.i.e.AbstractTransferListenerAdapter - Downloaded https://repo.maven.apache.org/maven2/org/codehaus/plexus/plexus-archiver/2.4.1/plexus-archiver-2.4.1.jar
2017-04-21 13:54:31,727 [Worker-3] INFO  o.e.m.c.i.e.AbstractTransferListenerAdapter - Downloading https://repo.maven.apache.org/maven2/org/apache/commons/commons-compress/1.5/commons-compress-1.5.jar
2017-04-21 13:54:46,853 [Worker-3] INFO  o.e.m.c.i.e.AbstractTransferListenerAdapter - Downloaded https://repo.maven.apache.org/maven2/org/apache/commons/commons-compress/1.5/commons-compress-1.5.jar
2017-04-21 13:54:47,078 [Worker-3] INFO  o.e.m.c.i.e.AbstractTransferListenerAdapter - Downloading https://repo.maven.apache.org/maven2/org/tukaani/xz/1.2/xz-1.2.jar
2017-04-21 13:54:49,544 [Worker-3] INFO  o.e.m.c.i.e.AbstractTransferListenerAdapter - Downloaded https://repo.maven.apache.org/maven2/org/tukaani/xz/1.2/xz-1.2.jar
2017-04-21 13:54:49,781 [Worker-3] INFO  o.e.m.c.i.e.AbstractTransferListenerAdapter - Downloading https://repo.maven.apache.org/maven2/com/thoughtworks/xstream/xstream/1.4.2/xstream-1.4.2.jar
2017-04-21 13:54:55,952 [Worker-3] INFO  o.e.m.c.i.e.AbstractTransferListenerAdapter - Downloaded https://repo.maven.apache.org/maven2/com/thoughtworks/xstream/xstream/1.4.2/xstream-1.4.2.jar
2017-04-21 13:54:56,233 [Worker-3] INFO  o.e.m.c.i.e.AbstractTransferListenerAdapter - Downloading https://repo.maven.apache.org/maven2/xmlpull/xmlpull/1.1.3.1/xmlpull-1.1.3.1.jar
2017-04-21 13:54:56,500 [Worker-3] INFO  o.e.m.c.i.e.AbstractTransferListenerAdapter - Downloaded https://repo.maven.apache.org/maven2/xmlpull/xmlpull/1.1.3.1/xmlpull-1.1.3.1.jar
2017-04-21 13:54:56,759 [Worker-3] INFO  o.e.m.c.i.e.AbstractTransferListenerAdapter - Downloading https://repo.maven.apache.org/maven2/xpp3/xpp3_min/1.1.4c/xpp3_min-1.1.4c.jar
2017-04-21 13:54:57,188 [Worker-3] INFO  o.e.m.c.i.e.AbstractTransferListenerAdapter - Downloaded https://repo.maven.apache.org/maven2/xpp3/xpp3_min/1.1.4c/xpp3_min-1.1.4c.jar
2017-04-21 13:54:57,563 [Worker-3] INFO  o.e.m.c.i.e.AbstractTransferListenerAdapter - Downloading https://repo.maven.apache.org/maven2/org/codehaus/plexus/plexus-utils/3.0.10/plexus-utils-3.0.10.jar
2017-04-21 13:55:00,673 [Worker-3] INFO  o.e.m.c.i.e.AbstractTransferListenerAdapter - Downloaded https://repo.maven.apache.org/maven2/org/codehaus/plexus/plexus-utils/3.0.10/plexus-utils-3.0.10.jar
2017-04-21 13:55:03,541 [Worker-3] INFO  o.e.m.j.i.AbstractJavaProjectConfigurator - Adding source folder /JSF-Example/src/main/java
2017-04-21 13:55:03,542 [Worker-3] INFO  o.e.m.j.i.AbstractJavaProjectConfigurator - Adding source folder /JSF-Example/src/test/java
2017-04-21 13:55:06,488 [Worker-3] INFO  o.e.m.c.i.p.ProjectConfigurationManager - Imported and configured 1 project(s) in 67 sec
2017-04-21 13:55:08,569 [Worker-4] WARN  o.e.m.c.i.embedder.EclipseLogger - Using platform encoding (Cp1252 actually) to copy filtered resources, i.e. build is platform dependent!
2017-04-21 13:55:08,578 [Worker-4] INFO  o.e.m.c.i.embedder.EclipseLogger - skip non existing resourceDirectory D:\Java Servlet 3 Exercises\project6-exercise\JSF-Example\src\main\resources
2017-04-21 13:55:08,581 [Worker-4] WARN  o.e.m.c.i.embedder.EclipseLogger - Using platform encoding (Cp1252 actually) to copy filtered resources, i.e. build is platform dependent!
2017-04-21 13:55:08,593 [Worker-4] INFO  o.e.m.c.i.embedder.EclipseLogger - skip non existing resourceDirectory D:\Java Servlet 3 Exercises\project6-exercise\JSF-Example\src\test\resources
2017-04-21 14:01:16,982 [Worker-12] WARN  o.e.m.c.i.embedder.EclipseLogger - Using platform encoding (Cp1252 actually) to copy filtered resources, i.e. build is platform dependent!
2017-04-21 14:01:16,994 [Worker-12] INFO  o.e.m.c.i.embedder.EclipseLogger - skip non existing resourceDirectory D:\Java Servlet 3 Exercises\project6-exercise\JSF-Example\src\main\resources
2017-04-21 14:01:16,995 [Worker-12] WARN  o.e.m.c.i.embedder.EclipseLogger - Using platform encoding (Cp1252 actually) to copy filtered resources, i.e. build is platform dependent!
2017-04-21 14:01:17,009 [Worker-12] INFO  o.e.m.c.i.embedder.EclipseLogger - skip non existing resourceDirectory D:\Java Servlet 3 Exercises\project6-exercise\JSF-Example\src\test\resources
2017-04-21 14:01:34,171 [Worker-12] WARN  o.e.m.c.i.embedder.EclipseLogger - Using platform encoding (Cp1252 actually) to copy filtered resources, i.e. build is platform dependent!
2017-04-21 14:01:34,188 [Worker-12] INFO  o.e.m.c.i.embedder.EclipseLogger - skip non existing resourceDirectory D:\Java Servlet 3 Exercises\project6-exercise\JSF-Example\src\main\resources
2017-04-21 14:01:34,189 [Worker-12] WARN  o.e.m.c.i.embedder.EclipseLogger - Using platform encoding (Cp1252 actually) to copy filtered resources, i.e. build is platform dependent!
2017-04-21 14:01:34,206 [Worker-12] INFO  o.e.m.c.i.embedder.EclipseLogger - skip non existing resourceDirectory D:\Java Servlet 3 Exercises\project6-exercise\JSF-Example\src\test\resources
2017-04-21 14:03:13,025 [Worker-13] WARN  o.e.m.c.i.embedder.EclipseLogger - Using platform encoding (Cp1252 actually) to copy filtered resources, i.e. build is platform dependent!
2017-04-21 14:03:13,030 [Worker-13] INFO  o.e.m.c.i.embedder.EclipseLogger - skip non existing resourceDirectory D:\Java Servlet 3 Exercises\project6-exercise\JSF-Example\src\main\resources
2017-04-21 14:03:13,030 [Worker-13] WARN  o.e.m.c.i.embedder.EclipseLogger - Using platform encoding (Cp1252 actually) to copy filtered resources, i.e. build is platform dependent!
2017-04-21 14:03:13,046 [Worker-13] INFO  o.e.m.c.i.embedder.EclipseLogger - skip non existing resourceDirectory D:\Java Servlet 3 Exercises\project6-exercise\JSF-Example\src\test\resources
2017-04-21 14:03:56,215 [Worker-17] WARN  o.e.m.c.i.embedder.EclipseLogger - Using platform encoding (Cp1252 actually) to copy filtered resources, i.e. build is platform dependent!
2017-04-21 14:03:56,227 [Worker-17] INFO  o.e.m.c.i.embedder.EclipseLogger - skip non existing resourceDirectory D:\Java Servlet 3 Exercises\project6-exercise\JSF-Example\src\main\resources
2017-04-21 14:03:56,228 [Worker-17] WARN  o.e.m.c.i.embedder.EclipseLogger - Using platform encoding (Cp1252 actually) to copy filtered resources, i.e. build is platform dependent!
2017-04-21 14:03:56,237 [Worker-17] INFO  o.e.m.c.i.embedder.EclipseLogger - skip non existing resourceDirectory D:\Java Servlet 3 Exercises\project6-exercise\JSF-Example\src\test\resources
2017-04-21 14:04:41,139 [Worker-13] WARN  o.e.m.c.i.embedder.EclipseLogger - Using platform encoding (Cp1252 actually) to copy filtered resources, i.e. build is platform dependent!
2017-04-21 14:04:41,150 [Worker-13] INFO  o.e.m.c.i.embedder.EclipseLogger - skip non existing resourceDirectory D:\Java Servlet 3 Exercises\project6-exercise\JSF-Example\src\main\resources
2017-04-21 14:04:41,150 [Worker-13] WARN  o.e.m.c.i.embedder.EclipseLogger - Using platform encoding (Cp1252 actually) to copy filtered resources, i.e. build is platform dependent!
2017-04-21 14:04:41,150 [Worker-13] INFO  o.e.m.c.i.embedder.EclipseLogger - skip non existing resourceDirectory D:\Java Servlet 3 Exercises\project6-exercise\JSF-Example\src\test\resources
2017-04-21 14:04:51,650 [Worker-18] WARN  o.e.m.c.i.embedder.EclipseLogger - Using platform encoding (Cp1252 actually) to copy filtered resources, i.e. build is platform dependent!
2017-04-21 14:04:51,654 [Worker-18] INFO  o.e.m.c.i.embedder.EclipseLogger - skip non existing resourceDirectory D:\Java Servlet 3 Exercises\project6-exercise\JSF-Example\src\main\resources
2017-04-21 14:04:51,654 [Worker-18] WARN  o.e.m.c.i.embedder.EclipseLogger - Using platform encoding (Cp1252 actually) to copy filtered resources, i.e. build is platform dependent!
2017-04-21 14:04:51,654 [Worker-18] INFO  o.e.m.c.i.embedder.EclipseLogger - skip non existing resourceDirectory D:\Java Servlet 3 Exercises\project6-exercise\JSF-Example\src\test\resources
2017-04-21 14:05:15,313 [Worker-14] WARN  o.e.m.c.i.embedder.EclipseLogger - Using platform encoding (Cp1252 actually) to copy filtered resources, i.e. build is platform dependent!
2017-04-21 14:05:15,328 [Worker-14] INFO  o.e.m.c.i.embedder.EclipseLogger - skip non existing resourceDirectory D:\Java Servlet 3 Exercises\project6-exercise\JSF-Example\src\main\resources
2017-04-21 14:05:15,328 [Worker-14] WARN  o.e.m.c.i.embedder.EclipseLogger - Using platform encoding (Cp1252 actually) to copy filtered resources, i.e. build is platform dependent!
2017-04-21 14:05:15,344 [Worker-14] INFO  o.e.m.c.i.embedder.EclipseLogger - skip non existing resourceDirectory D:\Java Servlet 3 Exercises\project6-exercise\JSF-Example\src\test\resources
2017-04-21 14:06:20,047 [Worker-20] WARN  o.e.m.c.i.embedder.EclipseLogger - Using platform encoding (Cp1252 actually) to copy filtered resources, i.e. build is platform dependent!
2017-04-21 14:06:20,047 [Worker-20] INFO  o.e.m.c.i.embedder.EclipseLogger - skip non existing resourceDirectory D:\Java Servlet 3 Exercises\project6-exercise\JSF-Example\src\main\resources
2017-04-21 14:06:20,047 [Worker-20] WARN  o.e.m.c.i.embedder.EclipseLogger - Using platform encoding (Cp1252 actually) to copy filtered resources, i.e. build is platform dependent!
2017-04-21 14:06:20,063 [Worker-20] INFO  o.e.m.c.i.embedder.EclipseLogger - skip non existing resourceDirectory D:\Java Servlet 3 Exercises\project6-exercise\JSF-Example\src\test\resources
2017-04-21 14:06:26,626 [Worker-14] WARN  o.e.m.c.i.embedder.EclipseLogger - Using platform encoding (Cp1252 actually) to copy filtered resources, i.e. build is platform dependent!
2017-04-21 14:06:26,630 [Worker-14] INFO  o.e.m.c.i.embedder.EclipseLogger - skip non existing resourceDirectory D:\Java Servlet 3 Exercises\project6-exercise\JSF-Example\src\main\resources
2017-04-21 14:06:26,632 [Worker-14] WARN  o.e.m.c.i.embedder.EclipseLogger - Using platform encoding (Cp1252 actually) to copy filtered resources, i.e. build is platform dependent!
2017-04-21 14:06:26,636 [Worker-14] INFO  o.e.m.c.i.embedder.EclipseLogger - skip non existing resourceDirectory D:\Java Servlet 3 Exercises\project6-exercise\JSF-Example\src\test\resources
2017-04-21 14:06:31,672 [Worker-14] WARN  o.e.m.c.i.embedder.EclipseLogger - Using platform encoding (Cp1252 actually) to copy filtered resources, i.e. build is platform dependent!
2017-04-21 14:06:31,672 [Worker-14] INFO  o.e.m.c.i.embedder.EclipseLogger - skip non existing resourceDirectory D:\Java Servlet 3 Exercises\project6-exercise\JSF-Example\src\main\resources
2017-04-21 14:06:31,672 [Worker-14] WARN  o.e.m.c.i.embedder.EclipseLogger - Using platform encoding (Cp1252 actually) to copy filtered resources, i.e. build is platform dependent!
2017-04-21 14:06:31,688 [Worker-14] INFO  o.e.m.c.i.embedder.EclipseLogger - skip non existing resourceDirectory D:\Java Servlet 3 Exercises\project6-exercise\JSF-Example\src\test\resources
2017-04-21 14:07:04,166 [Worker-12] WARN  o.e.m.c.i.embedder.EclipseLogger - Using platform encoding (Cp1252 actually) to copy filtered resources, i.e. build is platform dependent!
2017-04-21 14:07:04,171 [Worker-12] INFO  o.e.m.c.i.embedder.EclipseLogger - skip non existing resourceDirectory D:\Java Servlet 3 Exercises\project6-exercise\JSF-Example\src\main\resources
2017-04-21 14:07:04,172 [Worker-12] WARN  o.e.m.c.i.embedder.EclipseLogger - Using platform encoding (Cp1252 actually) to copy filtered resources, i.e. build is platform dependent!
2017-04-21 14:07:04,176 [Worker-12] INFO  o.e.m.c.i.embedder.EclipseLogger - skip non existing resourceDirectory D:\Java Servlet 3 Exercises\project6-exercise\JSF-Example\src\test\resources
2017-04-21 14:07:16,412 [Worker-13] WARN  o.e.m.c.i.embedder.EclipseLogger - Using platform encoding (Cp1252 actually) to copy filtered resources, i.e. build is platform dependent!
2017-04-21 14:07:16,413 [Worker-13] INFO  o.e.m.c.i.embedder.EclipseLogger - skip non existing resourceDirectory D:\Java Servlet 3 Exercises\project6-exercise\JSF-Example\src\main\resources
2017-04-21 14:07:16,413 [Worker-13] WARN  o.e.m.c.i.embedder.EclipseLogger - Using platform encoding (Cp1252 actually) to copy filtered resources, i.e. build is platform dependent!
2017-04-21 14:07:16,413 [Worker-13] INFO  o.e.m.c.i.embedder.EclipseLogger - skip non existing resourceDirectory D:\Java Servlet 3 Exercises\project6-exercise\JSF-Example\src\test\resources
2017-04-21 14:07:25,915 [Worker-20] WARN  o.e.m.c.i.embedder.EclipseLogger - Using platform encoding (Cp1252 actually) to copy filtered resources, i.e. build is platform dependent!
2017-04-21 14:07:25,931 [Worker-20] INFO  o.e.m.c.i.embedder.EclipseLogger - skip non existing resourceDirectory D:\Java Servlet 3 Exercises\project6-exercise\JSF-Example\src\main\resources
2017-04-21 14:07:25,931 [Worker-20] WARN  o.e.m.c.i.embedder.EclipseLogger - Using platform encoding (Cp1252 actually) to copy filtered resources, i.e. build is platform dependent!
2017-04-21 14:07:25,931 [Worker-20] INFO  o.e.m.c.i.embedder.EclipseLogger - skip non existing resourceDirectory D:\Java Servlet 3 Exercises\project6-exercise\JSF-Example\src\test\resources
2017-04-21 14:08:52,290 [Worker-17] WARN  o.e.m.c.i.embedder.EclipseLogger - Using platform encoding (Cp1252 actually) to copy filtered resources, i.e. build is platform dependent!
2017-04-21 14:08:52,292 [Worker-17] INFO  o.e.m.c.i.embedder.EclipseLogger - skip non existing resourceDirectory D:\Java Servlet 3 Exercises\project6-exercise\JSF-Example\src\main\resources
2017-04-21 14:08:52,292 [Worker-17] WARN  o.e.m.c.i.embedder.EclipseLogger - Using platform encoding (Cp1252 actually) to copy filtered resources, i.e. build is platform dependent!
2017-04-21 14:08:52,292 [Worker-17] INFO  o.e.m.c.i.embedder.EclipseLogger - skip non existing resourceDirectory D:\Java Servlet 3 Exercises\project6-exercise\JSF-Example\src\test\resources
2017-04-21 14:09:14,825 [Worker-17] WARN  o.e.m.c.i.embedder.EclipseLogger - Using platform encoding (Cp1252 actually) to copy filtered resources, i.e. build is platform dependent!
2017-04-21 14:09:14,825 [Worker-17] INFO  o.e.m.c.i.embedder.EclipseLogger - skip non existing resourceDirectory D:\Java Servlet 3 Exercises\project6-exercise\JSF-Example\src\main\resources
2017-04-21 14:09:14,825 [Worker-17] WARN  o.e.m.c.i.embedder.EclipseLogger - Using platform encoding (Cp1252 actually) to copy filtered resources, i.e. build is platform dependent!
2017-04-21 14:09:14,843 [Worker-17] INFO  o.e.m.c.i.embedder.EclipseLogger - skip non existing resourceDirectory D:\Java Servlet 3 Exercises\project6-exercise\JSF-Example\src\test\resources
2017-04-21 14:09:26,941 [Worker-21] WARN  o.e.m.c.i.embedder.EclipseLogger - Using platform encoding (Cp1252 actually) to copy filtered resources, i.e. build is platform dependent!
2017-04-21 14:09:26,956 [Worker-21] INFO  o.e.m.c.i.embedder.EclipseLogger - skip non existing resourceDirectory D:\Java Servlet 3 Exercises\project6-exercise\JSF-Example\src\main\resources
2017-04-21 14:09:26,956 [Worker-21] WARN  o.e.m.c.i.embedder.EclipseLogger - Using platform encoding (Cp1252 actually) to copy filtered resources, i.e. build is platform dependent!
2017-04-21 14:09:26,956 [Worker-21] INFO  o.e.m.c.i.embedder.EclipseLogger - skip non existing resourceDirectory D:\Java Servlet 3 Exercises\project6-exercise\JSF-Example\src\test\resources
2017-04-21 14:09:30,353 [Worker-20] WARN  o.e.m.c.i.embedder.EclipseLogger - Using platform encoding (Cp1252 actually) to copy filtered resources, i.e. build is platform dependent!
2017-04-21 14:09:30,369 [Worker-20] INFO  o.e.m.c.i.embedder.EclipseLogger - skip non existing resourceDirectory D:\Java Servlet 3 Exercises\project6-exercise\JSF-Example\src\main\resources
2017-04-21 14:09:30,369 [Worker-20] WARN  o.e.m.c.i.embedder.EclipseLogger - Using platform encoding (Cp1252 actually) to copy filtered resources, i.e. build is platform dependent!
2017-04-21 14:09:30,369 [Worker-20] INFO  o.e.m.c.i.embedder.EclipseLogger - skip non existing resourceDirectory D:\Java Servlet 3 Exercises\project6-exercise\JSF-Example\src\test\resources
2017-04-21 14:09:33,521 [Worker-19] WARN  o.e.m.c.i.embedder.EclipseLogger - Using platform encoding (Cp1252 actually) to copy filtered resources, i.e. build is platform dependent!
2017-04-21 14:09:33,536 [Worker-19] INFO  o.e.m.c.i.embedder.EclipseLogger - skip non existing resourceDirectory D:\Java Servlet 3 Exercises\project6-exercise\JSF-Example\src\main\resources
2017-04-21 14:09:33,536 [Worker-19] WARN  o.e.m.c.i.embedder.EclipseLogger - Using platform encoding (Cp1252 actually) to copy filtered resources, i.e. build is platform dependent!
2017-04-21 14:09:33,557 [Worker-19] INFO  o.e.m.c.i.embedder.EclipseLogger - skip non existing resourceDirectory D:\Java Servlet 3 Exercises\project6-exercise\JSF-Example\src\test\resources
2017-04-21 14:09:36,215 [Worker-15] WARN  o.e.m.c.i.embedder.EclipseLogger - Using platform encoding (Cp1252 actually) to copy filtered resources, i.e. build is platform dependent!
2017-04-21 14:09:36,215 [Worker-15] INFO  o.e.m.c.i.embedder.EclipseLogger - skip non existing resourceDirectory D:\Java Servlet 3 Exercises\project6-exercise\JSF-Example\src\main\resources
2017-04-21 14:09:36,215 [Worker-15] WARN  o.e.m.c.i.embedder.EclipseLogger - Using platform encoding (Cp1252 actually) to copy filtered resources, i.e. build is platform dependent!
2017-04-21 14:09:36,237 [Worker-15] INFO  o.e.m.c.i.embedder.EclipseLogger - skip non existing resourceDirectory D:\Java Servlet 3 Exercises\project6-exercise\JSF-Example\src\test\resources
2017-04-21 14:09:53,662 [Worker-14] WARN  o.e.m.c.i.embedder.EclipseLogger - Using platform encoding (Cp1252 actually) to copy filtered resources, i.e. build is platform dependent!
2017-04-21 14:09:53,678 [Worker-14] INFO  o.e.m.c.i.embedder.EclipseLogger - skip non existing resourceDirectory D:\Java Servlet 3 Exercises\project6-exercise\JSF-Example\src\main\resources
2017-04-21 14:09:53,678 [Worker-14] WARN  o.e.m.c.i.embedder.EclipseLogger - Using platform encoding (Cp1252 actually) to copy filtered resources, i.e. build is platform dependent!
2017-04-21 14:09:53,678 [Worker-14] INFO  o.e.m.c.i.embedder.EclipseLogger - skip non existing resourceDirectory D:\Java Servlet 3 Exercises\project6-exercise\JSF-Example\src\test\resources
2017-04-21 14:09:58,549 [Worker-2] WARN  o.e.m.c.i.embedder.EclipseLogger - Using platform encoding (Cp1252 actually) to copy filtered resources, i.e. build is platform dependent!
2017-04-21 14:09:58,565 [Worker-2] INFO  o.e.m.c.i.embedder.EclipseLogger - skip non existing resourceDirectory D:\Java Servlet 3 Exercises\project6-exercise\JSF-Example\src\main\resources
2017-04-21 14:09:58,565 [Worker-2] WARN  o.e.m.c.i.embedder.EclipseLogger - Using platform encoding (Cp1252 actually) to copy filtered resources, i.e. build is platform dependent!
2017-04-21 14:09:58,580 [Worker-2] INFO  o.e.m.c.i.embedder.EclipseLogger - skip non existing resourceDirectory D:\Java Servlet 3 Exercises\project6-exercise\JSF-Example\src\test\resources
2017-04-21 14:10:03,447 [Worker-12] WARN  o.e.m.c.i.embedder.EclipseLogger - Using platform encoding (Cp1252 actually) to copy filtered resources, i.e. build is platform dependent!
2017-04-21 14:10:03,447 [Worker-12] INFO  o.e.m.c.i.embedder.EclipseLogger - skip non existing resourceDirectory D:\Java Servlet 3 Exercises\project6-exercise\JSF-Example\src\main\resources
2017-04-21 14:10:03,447 [Worker-12] WARN  o.e.m.c.i.embedder.EclipseLogger - Using platform encoding (Cp1252 actually) to copy filtered resources, i.e. build is platform dependent!
2017-04-21 14:10:03,466 [Worker-12] INFO  o.e.m.c.i.embedder.EclipseLogger - skip non existing resourceDirectory D:\Java Servlet 3 Exercises\project6-exercise\JSF-Example\src\test\resources
2017-04-21 14:10:17,003 [Worker-21] WARN  o.e.m.c.i.embedder.EclipseLogger - Using platform encoding (Cp1252 actually) to copy filtered resources, i.e. build is platform dependent!
2017-04-21 14:10:17,018 [Worker-21] INFO  o.e.m.c.i.embedder.EclipseLogger - skip non existing resourceDirectory D:\Java Servlet 3 Exercises\project6-exercise\JSF-Example\src\main\resources
2017-04-21 14:10:17,018 [Worker-21] WARN  o.e.m.c.i.embedder.EclipseLogger - Using platform encoding (Cp1252 actually) to copy filtered resources, i.e. build is platform dependent!
2017-04-21 14:10:17,018 [Worker-21] INFO  o.e.m.c.i.embedder.EclipseLogger - skip non existing resourceDirectory D:\Java Servlet 3 Exercises\project6-exercise\JSF-Example\src\test\resources
2017-04-21 14:11:14,507 [Worker-12] WARN  o.e.m.c.i.embedder.EclipseLogger - Using platform encoding (Cp1252 actually) to copy filtered resources, i.e. build is platform dependent!
2017-04-21 14:11:14,519 [Worker-12] INFO  o.e.m.c.i.embedder.EclipseLogger - skip non existing resourceDirectory D:\Java Servlet 3 Exercises\project6-exercise\JSF-Example\src\main\resources
2017-04-21 14:11:14,521 [Worker-12] WARN  o.e.m.c.i.embedder.EclipseLogger - Using platform encoding (Cp1252 actually) to copy filtered resources, i.e. build is platform dependent!
2017-04-21 14:11:14,532 [Worker-12] INFO  o.e.m.c.i.embedder.EclipseLogger - skip non existing resourceDirectory D:\Java Servlet 3 Exercises\project6-exercise\JSF-Example\src\test\resources
2017-04-21 14:11:24,944 [Worker-13] WARN  o.e.m.c.i.embedder.EclipseLogger - Using platform encoding (Cp1252 actually) to copy filtered resources, i.e. build is platform dependent!
2017-04-21 14:11:24,959 [Worker-13] INFO  o.e.m.c.i.embedder.EclipseLogger - skip non existing resourceDirectory D:\Java Servlet 3 Exercises\project6-exercise\JSF-Example\src\main\resources
2017-04-21 14:11:24,959 [Worker-13] WARN  o.e.m.c.i.embedder.EclipseLogger - Using platform encoding (Cp1252 actually) to copy filtered resources, i.e. build is platform dependent!
2017-04-21 14:11:24,959 [Worker-13] INFO  o.e.m.c.i.embedder.EclipseLogger - skip non existing resourceDirectory D:\Java Servlet 3 Exercises\project6-exercise\JSF-Example\src\test\resources
2017-04-21 14:11:41,486 [Worker-14] WARN  o.e.m.c.i.embedder.EclipseLogger - Using platform encoding (Cp1252 actually) to copy filtered resources, i.e. build is platform dependent!
2017-04-21 14:11:41,502 [Worker-14] INFO  o.e.m.c.i.embedder.EclipseLogger - skip non existing resourceDirectory D:\Java Servlet 3 Exercises\project6-exercise\JSF-Example\src\main\resources
2017-04-21 14:11:41,502 [Worker-14] WARN  o.e.m.c.i.embedder.EclipseLogger - Using platform encoding (Cp1252 actually) to copy filtered resources, i.e. build is platform dependent!
2017-04-21 14:11:41,502 [Worker-14] INFO  o.e.m.c.i.embedder.EclipseLogger - skip non existing resourceDirectory D:\Java Servlet 3 Exercises\project6-exercise\JSF-Example\src\test\resources
2017-04-21 14:12:57,909 [Worker-11] WARN  o.e.m.c.i.embedder.EclipseLogger - Using platform encoding (Cp1252 actually) to copy filtered resources, i.e. build is platform dependent!
2017-04-21 14:12:57,909 [Worker-11] INFO  o.e.m.c.i.embedder.EclipseLogger - skip non existing resourceDirectory D:\Java Servlet 3 Exercises\project6-exercise\JSF-Example\src\main\resources
2017-04-21 14:12:57,909 [Worker-11] WARN  o.e.m.c.i.embedder.EclipseLogger - Using platform encoding (Cp1252 actually) to copy filtered resources, i.e. build is platform dependent!
2017-04-21 14:12:57,925 [Worker-11] INFO  o.e.m.c.i.embedder.EclipseLogger - skip non existing resourceDirectory D:\Java Servlet 3 Exercises\project6-exercise\JSF-Example\src\test\resources
2017-04-21 14:13:00,033 [Worker-18] WARN  o.e.m.c.i.embedder.EclipseLogger - Using platform encoding (Cp1252 actually) to copy filtered resources, i.e. build is platform dependent!
2017-04-21 14:13:00,049 [Worker-18] INFO  o.e.m.c.i.embedder.EclipseLogger - skip non existing resourceDirectory D:\Java Servlet 3 Exercises\project6-exercise\JSF-Example\src\main\resources
2017-04-21 14:13:00,049 [Worker-18] WARN  o.e.m.c.i.embedder.EclipseLogger - Using platform encoding (Cp1252 actually) to copy filtered resources, i.e. build is platform dependent!
2017-04-21 14:13:00,049 [Worker-18] INFO  o.e.m.c.i.embedder.EclipseLogger - skip non existing resourceDirectory D:\Java Servlet 3 Exercises\project6-exercise\JSF-Example\src\test\resources
2017-04-21 14:13:31,627 [Worker-21] WARN  o.e.m.c.i.embedder.EclipseLogger - Using platform encoding (Cp1252 actually) to copy filtered resources, i.e. build is platform dependent!
2017-04-21 14:13:31,631 [Worker-21] INFO  o.e.m.c.i.embedder.EclipseLogger - skip non existing resourceDirectory D:\Java Servlet 3 Exercises\project6-exercise\JSF-Example\src\main\resources
2017-04-21 14:13:31,631 [Worker-21] WARN  o.e.m.c.i.embedder.EclipseLogger - Using platform encoding (Cp1252 actually) to copy filtered resources, i.e. build is platform dependent!
2017-04-21 14:13:31,631 [Worker-21] INFO  o.e.m.c.i.embedder.EclipseLogger - skip non existing resourceDirectory D:\Java Servlet 3 Exercises\project6-exercise\JSF-Example\src\test\resources
2017-04-21 14:15:05,094 [Worker-11] WARN  o.e.m.c.i.embedder.EclipseLogger - Using platform encoding (Cp1252 actually) to copy filtered resources, i.e. build is platform dependent!
2017-04-21 14:15:05,109 [Worker-11] INFO  o.e.m.c.i.embedder.EclipseLogger - skip non existing resourceDirectory D:\Java Servlet 3 Exercises\project6-exercise\JSF-Example\src\main\resources
2017-04-21 14:15:05,109 [Worker-11] WARN  o.e.m.c.i.embedder.EclipseLogger - Using platform encoding (Cp1252 actually) to copy filtered resources, i.e. build is platform dependent!
2017-04-21 14:15:05,127 [Worker-11] INFO  o.e.m.c.i.embedder.EclipseLogger - skip non existing resourceDirectory D:\Java Servlet 3 Exercises\project6-exercise\JSF-Example\src\test\resources
2017-04-21 14:15:10,550 [Worker-17] WARN  o.e.m.c.i.embedder.EclipseLogger - Using platform encoding (Cp1252 actually) to copy filtered resources, i.e. build is platform dependent!
2017-04-21 14:15:10,565 [Worker-17] INFO  o.e.m.c.i.embedder.EclipseLogger - skip non existing resourceDirectory D:\Java Servlet 3 Exercises\project6-exercise\JSF-Example\src\main\resources
2017-04-21 14:15:10,565 [Worker-17] WARN  o.e.m.c.i.embedder.EclipseLogger - Using platform encoding (Cp1252 actually) to copy filtered resources, i.e. build is platform dependent!
2017-04-21 14:15:10,565 [Worker-17] INFO  o.e.m.c.i.embedder.EclipseLogger - skip non existing resourceDirectory D:\Java Servlet 3 Exercises\project6-exercise\JSF-Example\src\test\resources
2017-04-21 14:16:03,451 [Worker-17] WARN  o.e.m.c.i.embedder.EclipseLogger - Using platform encoding (Cp1252 actually) to copy filtered resources, i.e. build is platform dependent!
2017-04-21 14:16:03,453 [Worker-17] INFO  o.e.m.c.i.embedder.EclipseLogger - skip non existing resourceDirectory D:\Java Servlet 3 Exercises\project6-exercise\JSF-Example\src\main\resources
2017-04-21 14:16:03,453 [Worker-17] WARN  o.e.m.c.i.embedder.EclipseLogger - Using platform encoding (Cp1252 actually) to copy filtered resources, i.e. build is platform dependent!
2017-04-21 14:16:03,453 [Worker-17] INFO  o.e.m.c.i.embedder.EclipseLogger - skip non existing resourceDirectory D:\Java Servlet 3 Exercises\project6-exercise\JSF-Example\src\test\resources
2017-04-21 14:16:04,589 [Worker-19] WARN  o.e.m.c.i.embedder.EclipseLogger - Using platform encoding (Cp1252 actually) to copy filtered resources, i.e. build is platform dependent!
2017-04-21 14:16:04,604 [Worker-19] INFO  o.e.m.c.i.embedder.EclipseLogger - skip non existing resourceDirectory D:\Java Servlet 3 Exercises\project6-exercise\JSF-Example\src\main\resources
2017-04-21 14:16:04,604 [Worker-19] WARN  o.e.m.c.i.embedder.EclipseLogger - Using platform encoding (Cp1252 actually) to copy filtered resources, i.e. build is platform dependent!
2017-04-21 14:16:04,604 [Worker-19] INFO  o.e.m.c.i.embedder.EclipseLogger - skip non existing resourceDirectory D:\Java Servlet 3 Exercises\project6-exercise\JSF-Example\src\test\resources
2017-04-21 14:17:41,876 [Worker-2] WARN  o.e.m.c.i.embedder.EclipseLogger - Using platform encoding (Cp1252 actually) to copy filtered resources, i.e. build is platform dependent!
2017-04-21 14:17:41,876 [Worker-2] INFO  o.e.m.c.i.embedder.EclipseLogger - skip non existing resourceDirectory D:\Java Servlet 3 Exercises\project6-exercise\JSF-Example\src\main\resources
2017-04-21 14:17:41,876 [Worker-2] WARN  o.e.m.c.i.embedder.EclipseLogger - Using platform encoding (Cp1252 actually) to copy filtered resources, i.e. build is platform dependent!
2017-04-21 14:17:41,876 [Worker-2] INFO  o.e.m.c.i.embedder.EclipseLogger - skip non existing resourceDirectory D:\Java Servlet 3 Exercises\project6-exercise\JSF-Example\src\test\resources
2017-04-21 14:18:19,475 [Worker-11] WARN  o.e.m.c.i.embedder.EclipseLogger - Using platform encoding (Cp1252 actually) to copy filtered resources, i.e. build is platform dependent!
2017-04-21 14:18:19,492 [Worker-11] INFO  o.e.m.c.i.embedder.EclipseLogger - skip non existing resourceDirectory D:\Java Servlet 3 Exercises\project6-exercise\JSF-Example\src\main\resources
2017-04-21 14:18:19,493 [Worker-11] WARN  o.e.m.c.i.embedder.EclipseLogger - Using platform encoding (Cp1252 actually) to copy filtered resources, i.e. build is platform dependent!
2017-04-21 14:18:19,497 [Worker-11] INFO  o.e.m.c.i.embedder.EclipseLogger - skip non existing resourceDirectory D:\Java Servlet 3 Exercises\project6-exercise\JSF-Example\src\test\resources
2017-04-21 14:18:56,575 [Worker-17] WARN  o.e.m.c.i.embedder.EclipseLogger - Using platform encoding (Cp1252 actually) to copy filtered resources, i.e. build is platform dependent!
2017-04-21 14:18:56,591 [Worker-17] INFO  o.e.m.c.i.embedder.EclipseLogger - skip non existing resourceDirectory D:\Java Servlet 3 Exercises\project6-exercise\JSF-Example\src\main\resources
2017-04-21 14:18:56,591 [Worker-17] WARN  o.e.m.c.i.embedder.EclipseLogger - Using platform encoding (Cp1252 actually) to copy filtered resources, i.e. build is platform dependent!
2017-04-21 14:18:56,591 [Worker-17] INFO  o.e.m.c.i.embedder.EclipseLogger - skip non existing resourceDirectory D:\Java Servlet 3 Exercises\project6-exercise\JSF-Example\src\test\resources
2017-04-21 14:19:01,489 [Worker-2] WARN  o.e.m.c.i.embedder.EclipseLogger - Using platform encoding (Cp1252 actually) to copy filtered resources, i.e. build is platform dependent!
2017-04-21 14:19:01,506 [Worker-2] INFO  o.e.m.c.i.embedder.EclipseLogger - skip non existing resourceDirectory D:\Java Servlet 3 Exercises\project6-exercise\JSF-Example\src\main\resources
2017-04-21 14:19:01,508 [Worker-2] WARN  o.e.m.c.i.embedder.EclipseLogger - Using platform encoding (Cp1252 actually) to copy filtered resources, i.e. build is platform dependent!
2017-04-21 14:19:01,511 [Worker-2] INFO  o.e.m.c.i.embedder.EclipseLogger - skip non existing resourceDirectory D:\Java Servlet 3 Exercises\project6-exercise\JSF-Example\src\test\resources
2017-04-21 14:19:10,355 [Worker-13] WARN  o.e.m.c.i.embedder.EclipseLogger - Using platform encoding (Cp1252 actually) to copy filtered resources, i.e. build is platform dependent!
2017-04-21 14:19:10,370 [Worker-13] INFO  o.e.m.c.i.embedder.EclipseLogger - skip non existing resourceDirectory D:\Java Servlet 3 Exercises\project6-exercise\JSF-Example\src\main\resources
2017-04-21 14:19:10,370 [Worker-13] WARN  o.e.m.c.i.embedder.EclipseLogger - Using platform encoding (Cp1252 actually) to copy filtered resources, i.e. build is platform dependent!
2017-04-21 14:19:10,370 [Worker-13] INFO  o.e.m.c.i.embedder.EclipseLogger - skip non existing resourceDirectory D:\Java Servlet 3 Exercises\project6-exercise\JSF-Example\src\test\resources
2017-04-21 14:19:17,863 [Worker-14] WARN  o.e.m.c.i.embedder.EclipseLogger - Using platform encoding (Cp1252 actually) to copy filtered resources, i.e. build is platform dependent!
2017-04-21 14:19:17,878 [Worker-14] INFO  o.e.m.c.i.embedder.EclipseLogger - skip non existing resourceDirectory D:\Java Servlet 3 Exercises\project6-exercise\JSF-Example\src\main\resources
2017-04-21 14:19:17,878 [Worker-14] WARN  o.e.m.c.i.embedder.EclipseLogger - Using platform encoding (Cp1252 actually) to copy filtered resources, i.e. build is platform dependent!
2017-04-21 14:19:17,878 [Worker-14] INFO  o.e.m.c.i.embedder.EclipseLogger - skip non existing resourceDirectory D:\Java Servlet 3 Exercises\project6-exercise\JSF-Example\src\test\resources
2017-04-21 14:26:40,924 [Worker-23] WARN  o.e.m.c.i.embedder.EclipseLogger - Using platform encoding (Cp1252 actually) to copy filtered resources, i.e. build is platform dependent!
2017-04-21 14:26:40,933 [Worker-23] INFO  o.e.m.c.i.embedder.EclipseLogger - skip non existing resourceDirectory D:\Java Servlet 3 Exercises\project6-exercise\JSF-Example\src\main\resources
2017-04-21 14:26:40,936 [Worker-23] WARN  o.e.m.c.i.embedder.EclipseLogger - Using platform encoding (Cp1252 actually) to copy filtered resources, i.e. build is platform dependent!
2017-04-21 14:26:40,944 [Worker-23] INFO  o.e.m.c.i.embedder.EclipseLogger - skip non existing resourceDirectory D:\Java Servlet 3 Exercises\project6-exercise\JSF-Example\src\test\resources
2017-04-21 14:31:59,533 [Worker-23] WARN  o.e.m.c.i.embedder.EclipseLogger - Using platform encoding (Cp1252 actually) to copy filtered resources, i.e. build is platform dependent!
2017-04-21 14:31:59,540 [Worker-23] INFO  o.e.m.c.i.embedder.EclipseLogger - skip non existing resourceDirectory D:\Java Servlet 3 Exercises\project6-exercise\JSF-Example\src\main\resources
2017-04-21 14:31:59,541 [Worker-23] WARN  o.e.m.c.i.embedder.EclipseLogger - Using platform encoding (Cp1252 actually) to copy filtered resources, i.e. build is platform dependent!
2017-04-21 14:31:59,549 [Worker-23] INFO  o.e.m.c.i.embedder.EclipseLogger - skip non existing resourceDirectory D:\Java Servlet 3 Exercises\project6-exercise\JSF-Example\src\test\resources
2017-04-21 14:32:23,349 [Worker-28] WARN  o.e.m.c.i.embedder.EclipseLogger - Using platform encoding (Cp1252 actually) to copy filtered resources, i.e. build is platform dependent!
2017-04-21 14:32:23,353 [Worker-28] INFO  o.e.m.c.i.embedder.EclipseLogger - skip non existing resourceDirectory D:\Java Servlet 3 Exercises\project6-exercise\JSF-Example\src\main\resources
2017-04-21 14:32:23,354 [Worker-28] WARN  o.e.m.c.i.embedder.EclipseLogger - Using platform encoding (Cp1252 actually) to copy filtered resources, i.e. build is platform dependent!
2017-04-21 14:32:23,359 [Worker-28] INFO  o.e.m.c.i.embedder.EclipseLogger - skip non existing resourceDirectory D:\Java Servlet 3 Exercises\project6-exercise\JSF-Example\src\test\resources
2017-04-21 14:32:50,020 [Worker-22] WARN  o.e.m.c.i.embedder.EclipseLogger - Using platform encoding (Cp1252 actually) to copy filtered resources, i.e. build is platform dependent!
2017-04-21 14:32:50,027 [Worker-22] INFO  o.e.m.c.i.embedder.EclipseLogger - skip non existing resourceDirectory D:\Java Servlet 3 Exercises\project6-exercise\JSF-Example\src\main\resources
2017-04-21 14:32:50,028 [Worker-22] WARN  o.e.m.c.i.embedder.EclipseLogger - Using platform encoding (Cp1252 actually) to copy filtered resources, i.e. build is platform dependent!
2017-04-21 14:32:50,033 [Worker-22] INFO  o.e.m.c.i.embedder.EclipseLogger - skip non existing resourceDirectory D:\Java Servlet 3 Exercises\project6-exercise\JSF-Example\src\test\resources
2017-04-21 14:33:20,394 [Worker-29] WARN  o.e.m.c.i.embedder.EclipseLogger - Using platform encoding (Cp1252 actually) to copy filtered resources, i.e. build is platform dependent!
2017-04-21 14:33:20,400 [Worker-29] INFO  o.e.m.c.i.embedder.EclipseLogger - skip non existing resourceDirectory D:\Java Servlet 3 Exercises\project6-exercise\JSF-Example\src\main\resources
2017-04-21 14:33:20,402 [Worker-29] WARN  o.e.m.c.i.embedder.EclipseLogger - Using platform encoding (Cp1252 actually) to copy filtered resources, i.e. build is platform dependent!
2017-04-21 14:33:20,407 [Worker-29] INFO  o.e.m.c.i.embedder.EclipseLogger - skip non existing resourceDirectory D:\Java Servlet 3 Exercises\project6-exercise\JSF-Example\src\test\resources
2017-04-21 14:44:20,164 [Worker-34] WARN  o.e.m.c.i.embedder.EclipseLogger - Using platform encoding (Cp1252 actually) to copy filtered resources, i.e. build is platform dependent!
2017-04-21 14:44:20,164 [Worker-34] INFO  o.e.m.c.i.embedder.EclipseLogger - skip non existing resourceDirectory D:\Java Servlet 3 Exercises\project6-exercise\JSF-Example\src\main\resources
2017-04-21 14:44:20,164 [Worker-34] WARN  o.e.m.c.i.embedder.EclipseLogger - Using platform encoding (Cp1252 actually) to copy filtered resources, i.e. build is platform dependent!
2017-04-21 14:44:20,164 [Worker-34] INFO  o.e.m.c.i.embedder.EclipseLogger - skip non existing resourceDirectory D:\Java Servlet 3 Exercises\project6-exercise\JSF-Example\src\test\resources
2017-04-21 14:45:43,380 [Worker-37] WARN  o.e.m.c.i.embedder.EclipseLogger - Using platform encoding (Cp1252 actually) to copy filtered resources, i.e. build is platform dependent!
2017-04-21 14:45:43,396 [Worker-37] INFO  o.e.m.c.i.embedder.EclipseLogger - skip non existing resourceDirectory D:\Java Servlet 3 Exercises\project6-exercise\JSF-Example\src\main\resources
2017-04-21 14:45:43,396 [Worker-37] WARN  o.e.m.c.i.embedder.EclipseLogger - Using platform encoding (Cp1252 actually) to copy filtered resources, i.e. build is platform dependent!
2017-04-21 14:45:43,411 [Worker-37] INFO  o.e.m.c.i.embedder.EclipseLogger - skip non existing resourceDirectory D:\Java Servlet 3 Exercises\project6-exercise\JSF-Example\src\test\resources
2017-04-21 14:46:17,251 [Worker-34] WARN  o.e.m.c.i.embedder.EclipseLogger - Using platform encoding (Cp1252 actually) to copy filtered resources, i.e. build is platform dependent!
2017-04-21 14:46:17,272 [Worker-34] INFO  o.e.m.c.i.embedder.EclipseLogger - skip non existing resourceDirectory D:\Java Servlet 3 Exercises\project6-exercise\JSF-Example\src\main\resources
2017-04-21 14:46:17,273 [Worker-34] WARN  o.e.m.c.i.embedder.EclipseLogger - Using platform encoding (Cp1252 actually) to copy filtered resources, i.e. build is platform dependent!
2017-04-21 14:46:17,280 [Worker-34] INFO  o.e.m.c.i.embedder.EclipseLogger - skip non existing resourceDirectory D:\Java Servlet 3 Exercises\project6-exercise\JSF-Example\src\test\resources
2017-04-21 14:46:29,440 [Worker-34] WARN  o.e.m.c.i.embedder.EclipseLogger - Using platform encoding (Cp1252 actually) to copy filtered resources, i.e. build is platform dependent!
2017-04-21 14:46:29,456 [Worker-34] INFO  o.e.m.c.i.embedder.EclipseLogger - skip non existing resourceDirectory D:\Java Servlet 3 Exercises\project6-exercise\JSF-Example\src\main\resources
2017-04-21 14:46:29,456 [Worker-34] WARN  o.e.m.c.i.embedder.EclipseLogger - Using platform encoding (Cp1252 actually) to copy filtered resources, i.e. build is platform dependent!
2017-04-21 14:46:29,471 [Worker-34] INFO  o.e.m.c.i.embedder.EclipseLogger - skip non existing resourceDirectory D:\Java Servlet 3 Exercises\project6-exercise\JSF-Example\src\test\resources
2017-04-21 14:46:31,666 [Worker-38] WARN  o.e.m.c.i.embedder.EclipseLogger - Using platform encoding (Cp1252 actually) to copy filtered resources, i.e. build is platform dependent!
2017-04-21 14:46:31,681 [Worker-38] INFO  o.e.m.c.i.embedder.EclipseLogger - skip non existing resourceDirectory D:\Java Servlet 3 Exercises\project6-exercise\JSF-Example\src\main\resources
2017-04-21 14:46:31,681 [Worker-38] WARN  o.e.m.c.i.embedder.EclipseLogger - Using platform encoding (Cp1252 actually) to copy filtered resources, i.e. build is platform dependent!
2017-04-21 14:46:31,681 [Worker-38] INFO  o.e.m.c.i.embedder.EclipseLogger - skip non existing resourceDirectory D:\Java Servlet 3 Exercises\project6-exercise\JSF-Example\src\test\resources
2017-04-21 14:48:35,513 [Worker-33] WARN  o.e.m.c.i.embedder.EclipseLogger - Using platform encoding (Cp1252 actually) to copy filtered resources, i.e. build is platform dependent!
2017-04-21 14:48:35,513 [Worker-33] INFO  o.e.m.c.i.embedder.EclipseLogger - skip non existing resourceDirectory D:\Java Servlet 3 Exercises\project6-exercise\JSF-Example\src\main\resources
2017-04-21 14:48:35,529 [Worker-33] WARN  o.e.m.c.i.embedder.EclipseLogger - Using platform encoding (Cp1252 actually) to copy filtered resources, i.e. build is platform dependent!
2017-04-21 14:48:35,529 [Worker-33] INFO  o.e.m.c.i.embedder.EclipseLogger - skip non existing resourceDirectory D:\Java Servlet 3 Exercises\project6-exercise\JSF-Example\src\test\resources
2017-04-21 14:49:28,324 [Worker-37] WARN  o.e.m.c.i.embedder.EclipseLogger - Using platform encoding (Cp1252 actually) to copy filtered resources, i.e. build is platform dependent!
2017-04-21 14:49:28,331 [Worker-37] INFO  o.e.m.c.i.embedder.EclipseLogger - skip non existing resourceDirectory D:\Java Servlet 3 Exercises\project6-exercise\JSF-Example\src\main\resources
2017-04-21 14:49:28,334 [Worker-37] WARN  o.e.m.c.i.embedder.EclipseLogger - Using platform encoding (Cp1252 actually) to copy filtered resources, i.e. build is platform dependent!
2017-04-21 14:49:28,343 [Worker-37] INFO  o.e.m.c.i.embedder.EclipseLogger - skip non existing resourceDirectory D:\Java Servlet 3 Exercises\project6-exercise\JSF-Example\src\test\resources
2017-04-21 14:50:16,425 [Worker-38] WARN  o.e.m.c.i.embedder.EclipseLogger - Using platform encoding (Cp1252 actually) to copy filtered resources, i.e. build is platform dependent!
2017-04-21 14:50:16,441 [Worker-38] INFO  o.e.m.c.i.embedder.EclipseLogger - skip non existing resourceDirectory D:\Java Servlet 3 Exercises\project6-exercise\JSF-Example\src\main\resources
2017-04-21 14:50:16,441 [Worker-38] WARN  o.e.m.c.i.embedder.EclipseLogger - Using platform encoding (Cp1252 actually) to copy filtered resources, i.e. build is platform dependent!
2017-04-21 14:50:16,459 [Worker-38] INFO  o.e.m.c.i.embedder.EclipseLogger - skip non existing resourceDirectory D:\Java Servlet 3 Exercises\project6-exercise\JSF-Example\src\test\resources
2017-04-21 14:50:41,899 [Worker-36] WARN  o.e.m.c.i.embedder.EclipseLogger - Using platform encoding (Cp1252 actually) to copy filtered resources, i.e. build is platform dependent!
2017-04-21 14:50:41,899 [Worker-36] INFO  o.e.m.c.i.embedder.EclipseLogger - skip non existing resourceDirectory D:\Java Servlet 3 Exercises\project6-exercise\JSF-Example\src\main\resources
2017-04-21 14:50:41,899 [Worker-36] WARN  o.e.m.c.i.embedder.EclipseLogger - Using platform encoding (Cp1252 actually) to copy filtered resources, i.e. build is platform dependent!
2017-04-21 14:50:41,915 [Worker-36] INFO  o.e.m.c.i.embedder.EclipseLogger - skip non existing resourceDirectory D:\Java Servlet 3 Exercises\project6-exercise\JSF-Example\src\test\resources
2017-04-21 14:51:07,195 [Worker-40] WARN  o.e.m.c.i.embedder.EclipseLogger - Using platform encoding (Cp1252 actually) to copy filtered resources, i.e. build is platform dependent!
2017-04-21 14:51:07,195 [Worker-40] INFO  o.e.m.c.i.embedder.EclipseLogger - skip non existing resourceDirectory D:\Java Servlet 3 Exercises\project6-exercise\JSF-Example\src\main\resources
2017-04-21 14:51:07,195 [Worker-40] WARN  o.e.m.c.i.embedder.EclipseLogger - Using platform encoding (Cp1252 actually) to copy filtered resources, i.e. build is platform dependent!
2017-04-21 14:51:07,210 [Worker-40] INFO  o.e.m.c.i.embedder.EclipseLogger - skip non existing resourceDirectory D:\Java Servlet 3 Exercises\project6-exercise\JSF-Example\src\test\resources
2017-04-21 14:52:45,305 [Worker-39] WARN  o.e.m.c.i.embedder.EclipseLogger - Using platform encoding (Cp1252 actually) to copy filtered resources, i.e. build is platform dependent!
2017-04-21 14:52:45,321 [Worker-39] INFO  o.e.m.c.i.embedder.EclipseLogger - skip non existing resourceDirectory D:\Java Servlet 3 Exercises\project6-exercise\JSF-Example\src\main\resources
2017-04-21 14:52:45,321 [Worker-39] WARN  o.e.m.c.i.embedder.EclipseLogger - Using platform encoding (Cp1252 actually) to copy filtered resources, i.e. build is platform dependent!
2017-04-21 14:52:45,321 [Worker-39] INFO  o.e.m.c.i.embedder.EclipseLogger - skip non existing resourceDirectory D:\Java Servlet 3 Exercises\project6-exercise\JSF-Example\src\test\resources
2017-04-21 15:00:48,882 [Worker-42] WARN  o.e.m.c.i.embedder.EclipseLogger - Using platform encoding (Cp1252 actually) to copy filtered resources, i.e. build is platform dependent!
2017-04-21 15:00:48,898 [Worker-42] INFO  o.e.m.c.i.embedder.EclipseLogger - skip non existing resourceDirectory D:\Java Servlet 3 Exercises\project6-exercise\JSF-Example\src\main\resources
2017-04-21 15:00:48,898 [Worker-42] WARN  o.e.m.c.i.embedder.EclipseLogger - Using platform encoding (Cp1252 actually) to copy filtered resources, i.e. build is platform dependent!
2017-04-21 15:00:48,898 [Worker-42] INFO  o.e.m.c.i.embedder.EclipseLogger - skip non existing resourceDirectory D:\Java Servlet 3 Exercises\project6-exercise\JSF-Example\src\test\resources
2017-04-21 15:04:40,690 [Worker-39] WARN  o.e.m.c.i.embedder.EclipseLogger - Using platform encoding (Cp1252 actually) to copy filtered resources, i.e. build is platform dependent!
2017-04-21 15:04:40,692 [Worker-39] INFO  o.e.m.c.i.embedder.EclipseLogger - skip non existing resourceDirectory D:\Java Servlet 3 Exercises\project6-exercise\JSF-Example\src\main\resources
2017-04-21 15:04:40,692 [Worker-39] WARN  o.e.m.c.i.embedder.EclipseLogger - Using platform encoding (Cp1252 actually) to copy filtered resources, i.e. build is platform dependent!
2017-04-21 15:04:40,692 [Worker-39] INFO  o.e.m.c.i.embedder.EclipseLogger - skip non existing resourceDirectory D:\Java Servlet 3 Exercises\project6-exercise\JSF-Example\src\test\resources
